<?xml version="1.0" encoding="UTF-8"?>
<!-- Generated by org.testng.reporters.JUnitReportReporter -->
<testsuite hostname="DESKTOP-KSBI119" failures="0" tests="13" name="WebTest" time="45.327" errors="0" timestamp="2022-05-21T00:18:32 MSK" skipped="0">
  <testcase classname="WebTest" name="testStartMenuSubmitNewLanguage" time="2.654"/>
  <system-out/>
  <testcase classname="WebTest" name="testMenuStartTitle" time="4.415"/>
  <system-out/>
  <testcase classname="WebTest" name="testTheTeam" time="2.507"/>
  <system-out/>
  <testcase classname="WebTest" name="newComments" time="5.815"/>
  <system-out/>
  <testcase classname="WebTest" name="testBrowseLanguagesTable" time="3.081"/>
  <system-out/>
  <testcase classname="WebTest" name="testSubmitLanguageError" time="3.226"/>
  <system-out/>
  <testcase classname="WebTest" name="testSubmitLanguageText" time="3.166"/>
  <system-out/>
  <testcase classname="WebTest" name="testBrowseLanguagesFirstSubmenu" time="4.880"/>
  <system-out/>
  <testcase classname="WebTest" name="testSubmitLanguageEmptyValue" time="2.792"/>
  <system-out/>
  <testcase classname="WebTest" name="testMenuStartHeader" time="2.175"/>
  <system-out/>
  <testcase classname="WebTest" name="testHistoricInformation" time="2.757"/>
  <system-out/>
  <testcase classname="WebTest" name="testSubmitNewLanguageSubmenuSubmitNewLanguage" time="2.797"/>
  <system-out/>
  <testcase classname="WebTest" name="styleImportant" time="5.062"/>
  <system-out/>
</testsuite> <!-- WebTest -->
